2020-03-14 | 08:24:41.233 | [] |  INFO | HotelsAppSpringApplication     | (    55) | Starting HotelsAppSpringApplication on desktop_devlab with PID 7584 (X:\akademia\grupy\java11online\hotels-app-spring\target\classes started by Abc in X:\akademia\grupy\java11online\hotels-app-spring)
2020-03-14 | 08:24:41.239 | [] | DEBUG | HotelsAppSpringApplication     | (    56) | Running with Spring Boot v2.2.5.RELEASE, Spring v5.2.4.RELEASE
2020-03-14 | 08:24:41.240 | [] |  INFO | HotelsAppSpringApplication     | (   655) | The following profiles are active: dev
2020-03-14 | 08:24:41.929 | [] |  INFO | RepositoryConfigurationDelegate | (   249) | Multiple Spring Data modules found, entering strict repository configuration mode!
2020-03-14 | 08:24:41.929 | [] |  INFO | RepositoryConfigurationDelegate | (   127) | Bootstrapping Spring Data JDBC repositories in DEFAULT mode.
2020-03-14 | 08:24:41.954 | [] |  INFO | RepositoryConfigurationExtensionSupport | (   348) | Spring Data JDBC - Could not safely identify store assignment for repository candidate interface akadamia.repositories.AddressRepository. If you want this repository to be a JDBC repository, consider annotating your entities with one of these annotations: org.springframework.data.relational.core.mapping.Table.
2020-03-14 | 08:24:41.955 | [] |  INFO | RepositoryConfigurationExtensionSupport | (   348) | Spring Data JDBC - Could not safely identify store assignment for repository candidate interface akadamia.repositories.HotelRepository. If you want this repository to be a JDBC repository, consider annotating your entities with one of these annotations: org.springframework.data.relational.core.mapping.Table.
2020-03-14 | 08:24:41.956 | [] |  INFO | RepositoryConfigurationExtensionSupport | (   348) | Spring Data JDBC - Could not safely identify store assignment for repository candidate interface akadamia.repositories.RoomRepository. If you want this repository to be a JDBC repository, consider annotating your entities with one of these annotations: org.springframework.data.relational.core.mapping.Table.
2020-03-14 | 08:24:41.956 | [] |  INFO | RepositoryConfigurationDelegate | (   187) | Finished Spring Data repository scanning in 24ms. Found 0 JDBC repository interfaces.
2020-03-14 | 08:24:41.962 | [] |  INFO | RepositoryConfigurationDelegate | (   249) | Multiple Spring Data modules found, entering strict repository configuration mode!
2020-03-14 | 08:24:41.962 | [] |  INFO | RepositoryConfigurationDelegate | (   127) | Bootstrapping Spring Data JPA repositories in DEFAULT mode.
2020-03-14 | 08:24:41.986 | [] |  INFO | RepositoryConfigurationDelegate | (   187) | Finished Spring Data repository scanning in 21ms. Found 3 JPA repository interfaces.
2020-03-14 | 08:24:42.321 | [] |  INFO | TomcatWebServer                | (    92) | Tomcat initialized with port(s): 8080 (http)
2020-03-14 | 08:24:42.326 | [] |  INFO | StandardService                | (   173) | Starting service [Tomcat]
2020-03-14 | 08:24:42.326 | [] |  INFO | StandardEngine                 | (   173) | Starting Servlet engine: [Apache Tomcat/9.0.31]
2020-03-14 | 08:24:42.565 | [] |  INFO | [/api]                         | (   173) | Initializing Spring embedded WebApplicationContext
2020-03-14 | 08:24:42.566 | [] |  INFO | ContextLoader                  | (   284) | Root WebApplicationContext: initialization completed in 1273 ms
2020-03-14 | 08:24:42.667 | [] |  INFO | LogHelper                      | (    31) | HHH000204: Processing PersistenceUnitInfo [name: default]
2020-03-14 | 08:24:42.721 | [] |  INFO | Version                        | (    44) | HHH000412: Hibernate ORM core version 5.4.12.Final
2020-03-14 | 08:24:42.821 | [] |  INFO | Version                        | (    49) | HCANN000001: Hibernate Commons Annotations {5.1.0.Final}
2020-03-14 | 08:24:42.931 | [] |  INFO | HikariDataSource               | (   110) | HikariPool-1 - Starting...
2020-03-14 | 08:24:48.005 | [] | ERROR | HikariPool                     | (   587) | HikariPool-1 - Exception during pool initialization.
com.mysql.cj.jdbc.exceptions.CommunicationsException: Communications link failure

The last packet sent successfully to the server was 0 milliseconds ago. The driver has not received any packets from the server.
	at com.mysql.cj.jdbc.exceptions.SQLError.createCommunicationsException(SQLError.java:174)
	at com.mysql.cj.jdbc.exceptions.SQLExceptionsMapping.translateException(SQLExceptionsMapping.java:64)
	at com.mysql.cj.jdbc.ConnectionImpl.createNewIO(ConnectionImpl.java:836)
	at com.mysql.cj.jdbc.ConnectionImpl.<init>(ConnectionImpl.java:456)
	at com.mysql.cj.jdbc.ConnectionImpl.getInstance(ConnectionImpl.java:246)
	at com.mysql.cj.jdbc.NonRegisteringDriver.connect(NonRegisteringDriver.java:197)
	at com.zaxxer.hikari.util.DriverDataSource.getConnection(DriverDataSource.java:138)
	at com.zaxxer.hikari.pool.PoolBase.newConnection(PoolBase.java:354)
	at com.zaxxer.hikari.pool.PoolBase.newPoolEntry(PoolBase.java:202)
	at com.zaxxer.hikari.pool.HikariPool.createPoolEntry(HikariPool.java:473)
	at com.zaxxer.hikari.pool.HikariPool.checkFailFast(HikariPool.java:554)
	at com.zaxxer.hikari.pool.HikariPool.<init>(HikariPool.java:115)
	at com.zaxxer.hikari.HikariDataSource.getConnection(HikariDataSource.java:112)
	at org.hibernate.engine.jdbc.connections.internal.DatasourceConnectionProviderImpl.getConnection(DatasourceConnectionProviderImpl.java:122)
	at org.hibernate.engine.jdbc.env.internal.JdbcEnvironmentInitiator$ConnectionProviderJdbcConnectionAccess.obtainConnection(JdbcEnvironmentInitiator.java:180)
	at org.hibernate.engine.jdbc.env.internal.JdbcEnvironmentInitiator.initiateService(JdbcEnvironmentInitiator.java:68)
	at org.hibernate.engine.jdbc.env.internal.JdbcEnvironmentInitiator.initiateService(JdbcEnvironmentInitiator.java:35)
	at org.hibernate.boot.registry.internal.StandardServiceRegistryImpl.initiateService(StandardServiceRegistryImpl.java:101)
	at org.hibernate.service.internal.AbstractServiceRegistryImpl.createService(AbstractServiceRegistryImpl.java:263)
	at org.hibernate.service.internal.AbstractServiceRegistryImpl.initializeService(AbstractServiceRegistryImpl.java:237)
	at org.hibernate.service.internal.AbstractServiceRegistryImpl.getService(AbstractServiceRegistryImpl.java:214)
	at org.hibernate.id.factory.internal.DefaultIdentifierGeneratorFactory.injectServices(DefaultIdentifierGeneratorFactory.java:152)
	at org.hibernate.service.internal.AbstractServiceRegistryImpl.injectDependencies(AbstractServiceRegistryImpl.java:286)
	at org.hibernate.service.internal.AbstractServiceRegistryImpl.initializeService(AbstractServiceRegistryImpl.java:243)
	at org.hibernate.service.internal.AbstractServiceRegistryImpl.getService(AbstractServiceRegistryImpl.java:214)
	at org.hibernate.boot.internal.InFlightMetadataCollectorImpl.<init>(InFlightMetadataCollectorImpl.java:176)
	at org.hibernate.boot.model.process.spi.MetadataBuildingProcess.complete(MetadataBuildingProcess.java:118)
	at org.hibernate.jpa.boot.internal.EntityManagerFactoryBuilderImpl.metadata(EntityManagerFactoryBuilderImpl.java:1202)
	at org.hibernate.jpa.boot.internal.EntityManagerFactoryBuilderImpl.build(EntityManagerFactoryBuilderImpl.java:1233)
	at org.springframework.orm.jpa.vendor.SpringHibernateJpaPersistenceProvider.createContainerEntityManagerFactory(SpringHibernateJpaPersistenceProvider.java:58)
	at org.springframework.orm.jpa.LocalContainerEntityManagerFactoryBean.createNativeEntityManagerFactory(LocalContainerEntityManagerFactoryBean.java:365)
	at org.springframework.orm.jpa.AbstractEntityManagerFactoryBean.buildNativeEntityManagerFactory(AbstractEntityManagerFactoryBean.java:391)
	at org.springframework.orm.jpa.AbstractEntityManagerFactoryBean.afterPropertiesSet(AbstractEntityManagerFactoryBean.java:378)
	at org.springframework.orm.jpa.LocalContainerEntityManagerFactoryBean.afterPropertiesSet(LocalContainerEntityManagerFactoryBean.java:341)
	at org.springframework.beans.factory.support.AbstractAutowireCapableBeanFactory.invokeInitMethods(AbstractAutowireCapableBeanFactory.java:1855)
	at org.springframework.beans.factory.support.AbstractAutowireCapableBeanFactory.initializeBean(AbstractAutowireCapableBeanFactory.java:1792)
	at org.springframework.beans.factory.support.AbstractAutowireCapableBeanFactory.doCreateBean(AbstractAutowireCapableBeanFactory.java:595)
	at org.springframework.beans.factory.support.AbstractAutowireCapableBeanFactory.createBean(AbstractAutowireCapableBeanFactory.java:517)
	at org.springframework.beans.factory.support.AbstractBeanFactory.lambda$doGetBean$0(AbstractBeanFactory.java:323)
	at org.springframework.beans.factory.support.DefaultSingletonBeanRegistry.getSingleton(DefaultSingletonBeanRegistry.java:222)
	at org.springframework.beans.factory.support.AbstractBeanFactory.doGetBean(AbstractBeanFactory.java:321)
	at org.springframework.beans.factory.support.AbstractBeanFactory.getBean(AbstractBeanFactory.java:202)
	at org.springframework.context.support.AbstractApplicationContext.getBean(AbstractApplicationContext.java:1108)
	at org.springframework.context.support.AbstractApplicationContext.finishBeanFactoryInitialization(AbstractApplicationContext.java:868)
	at org.springframework.context.support.AbstractApplicationContext.refresh(AbstractApplicationContext.java:550)
	at org.springframework.boot.web.servlet.context.ServletWebServerApplicationContext.refresh(ServletWebServerApplicationContext.java:141)
	at org.springframework.boot.SpringApplication.refresh(SpringApplication.java:747)
	at org.springframework.boot.SpringApplication.refreshContext(SpringApplication.java:397)
	at org.springframework.boot.SpringApplication.run(SpringApplication.java:315)
	at org.springframework.boot.SpringApplication.run(SpringApplication.java:1226)
	at org.springframework.boot.SpringApplication.run(SpringApplication.java:1215)
	at akadamia.HotelsAppSpringApplication.main(HotelsAppSpringApplication.java:10)
Caused by: com.mysql.cj.exceptions.CJCommunicationsException: Communications link failure

The last packet sent successfully to the server was 0 milliseconds ago. The driver has not received any packets from the server.
	at sun.reflect.NativeConstructorAccessorImpl.newInstance0(Native Method)
	at sun.reflect.NativeConstructorAccessorImpl.newInstance(NativeConstructorAccessorImpl.java:62)
	at sun.reflect.DelegatingConstructorAccessorImpl.newInstance(DelegatingConstructorAccessorImpl.java:45)
	at java.lang.reflect.Constructor.newInstance(Constructor.java:423)
	at com.mysql.cj.exceptions.ExceptionFactory.createException(ExceptionFactory.java:61)
	at com.mysql.cj.exceptions.ExceptionFactory.createException(ExceptionFactory.java:105)
	at com.mysql.cj.exceptions.ExceptionFactory.createException(ExceptionFactory.java:151)
	at com.mysql.cj.exceptions.ExceptionFactory.createCommunicationsException(ExceptionFactory.java:167)
	at com.mysql.cj.protocol.a.NativeSocketConnection.connect(NativeSocketConnection.java:91)
	at com.mysql.cj.NativeSession.connect(NativeSession.java:144)
	at com.mysql.cj.jdbc.ConnectionImpl.connectOneTryOnly(ConnectionImpl.java:956)
	at com.mysql.cj.jdbc.ConnectionImpl.createNewIO(ConnectionImpl.java:826)
	... 49 common frames omitted
Caused by: java.net.ConnectException: Connection refused: connect
	at java.net.DualStackPlainSocketImpl.waitForConnect(Native Method)
	at java.net.DualStackPlainSocketImpl.socketConnect(DualStackPlainSocketImpl.java:85)
	at java.net.AbstractPlainSocketImpl.doConnect(AbstractPlainSocketImpl.java:350)
	at java.net.AbstractPlainSocketImpl.connectToAddress(AbstractPlainSocketImpl.java:206)
	at java.net.AbstractPlainSocketImpl.connect(AbstractPlainSocketImpl.java:188)
	at java.net.PlainSocketImpl.connect(PlainSocketImpl.java:172)
	at java.net.SocksSocketImpl.connect(SocksSocketImpl.java:392)
	at java.net.Socket.connect(Socket.java:589)
	at com.mysql.cj.protocol.StandardSocketFactory.connect(StandardSocketFactory.java:155)
	at com.mysql.cj.protocol.a.NativeSocketConnection.connect(NativeSocketConnection.java:65)
	... 52 common frames omitted
2020-03-14 | 08:24:48.006 | [] |  WARN | JdbcEnvironmentInitiator       | (   132) | HHH000342: Could not obtain connection to query metadata : Communications link failure

The last packet sent successfully to the server was 0 milliseconds ago. The driver has not received any packets from the server.
2020-03-14 | 08:24:48.010 | [] |  WARN | AnnotationConfigServletWebServerApplicationContext | (   558) | Exception encountered during context initialization - cancelling refresh attempt: org.springframework.beans.factory.BeanCreationException: Error creating bean with name 'entityManagerFactory' defined in class path resource [org/springframework/boot/autoconfigure/orm/jpa/HibernateJpaConfiguration.class]: Invocation of init method failed; nested exception is org.hibernate.service.spi.ServiceException: Unable to create requested service [org.hibernate.engine.jdbc.env.spi.JdbcEnvironment]
2020-03-14 | 08:24:48.012 | [] |  INFO | StandardService                | (   173) | Stopping service [Tomcat]
2020-03-14 | 08:24:48.020 | [] |  INFO | ConditionEvaluationReportLoggingListener | (   136) | 

Error starting ApplicationContext. To display the conditions report re-run your application with 'debug' enabled.
2020-03-14 | 08:24:48.026 | [] | ERROR | SpringApplication              | (   826) | Application run failed
org.springframework.beans.factory.BeanCreationException: Error creating bean with name 'entityManagerFactory' defined in class path resource [org/springframework/boot/autoconfigure/orm/jpa/HibernateJpaConfiguration.class]: Invocation of init method failed; nested exception is org.hibernate.service.spi.ServiceException: Unable to create requested service [org.hibernate.engine.jdbc.env.spi.JdbcEnvironment]
	at org.springframework.beans.factory.support.AbstractAutowireCapableBeanFactory.initializeBean(AbstractAutowireCapableBeanFactory.java:1796)
	at org.springframework.beans.factory.support.AbstractAutowireCapableBeanFactory.doCreateBean(AbstractAutowireCapableBeanFactory.java:595)
	at org.springframework.beans.factory.support.AbstractAutowireCapableBeanFactory.createBean(AbstractAutowireCapableBeanFactory.java:517)
	at org.springframework.beans.factory.support.AbstractBeanFactory.lambda$doGetBean$0(AbstractBeanFactory.java:323)
	at org.springframework.beans.factory.support.DefaultSingletonBeanRegistry.getSingleton(DefaultSingletonBeanRegistry.java:222)
	at org.springframework.beans.factory.support.AbstractBeanFactory.doGetBean(AbstractBeanFactory.java:321)
	at org.springframework.beans.factory.support.AbstractBeanFactory.getBean(AbstractBeanFactory.java:202)
	at org.springframework.context.support.AbstractApplicationContext.getBean(AbstractApplicationContext.java:1108)
	at org.springframework.context.support.AbstractApplicationContext.finishBeanFactoryInitialization(AbstractApplicationContext.java:868)
	at org.springframework.context.support.AbstractApplicationContext.refresh(AbstractApplicationContext.java:550)
	at org.springframework.boot.web.servlet.context.ServletWebServerApplicationContext.refresh(ServletWebServerApplicationContext.java:141)
	at org.springframework.boot.SpringApplication.refresh(SpringApplication.java:747)
	at org.springframework.boot.SpringApplication.refreshContext(SpringApplication.java:397)
	at org.springframework.boot.SpringApplication.run(SpringApplication.java:315)
	at org.springframework.boot.SpringApplication.run(SpringApplication.java:1226)
	at org.springframework.boot.SpringApplication.run(SpringApplication.java:1215)
	at akadamia.HotelsAppSpringApplication.main(HotelsAppSpringApplication.java:10)
Caused by: org.hibernate.service.spi.ServiceException: Unable to create requested service [org.hibernate.engine.jdbc.env.spi.JdbcEnvironment]
	at org.hibernate.service.internal.AbstractServiceRegistryImpl.createService(AbstractServiceRegistryImpl.java:275)
	at org.hibernate.service.internal.AbstractServiceRegistryImpl.initializeService(AbstractServiceRegistryImpl.java:237)
	at org.hibernate.service.internal.AbstractServiceRegistryImpl.getService(AbstractServiceRegistryImpl.java:214)
	at org.hibernate.id.factory.internal.DefaultIdentifierGeneratorFactory.injectServices(DefaultIdentifierGeneratorFactory.java:152)
	at org.hibernate.service.internal.AbstractServiceRegistryImpl.injectDependencies(AbstractServiceRegistryImpl.java:286)
	at org.hibernate.service.internal.AbstractServiceRegistryImpl.initializeService(AbstractServiceRegistryImpl.java:243)
	at org.hibernate.service.internal.AbstractServiceRegistryImpl.getService(AbstractServiceRegistryImpl.java:214)
	at org.hibernate.boot.internal.InFlightMetadataCollectorImpl.<init>(InFlightMetadataCollectorImpl.java:176)
	at org.hibernate.boot.model.process.spi.MetadataBuildingProcess.complete(MetadataBuildingProcess.java:118)
	at org.hibernate.jpa.boot.internal.EntityManagerFactoryBuilderImpl.metadata(EntityManagerFactoryBuilderImpl.java:1202)
	at org.hibernate.jpa.boot.internal.EntityManagerFactoryBuilderImpl.build(EntityManagerFactoryBuilderImpl.java:1233)
	at org.springframework.orm.jpa.vendor.SpringHibernateJpaPersistenceProvider.createContainerEntityManagerFactory(SpringHibernateJpaPersistenceProvider.java:58)
	at org.springframework.orm.jpa.LocalContainerEntityManagerFactoryBean.createNativeEntityManagerFactory(LocalContainerEntityManagerFactoryBean.java:365)
	at org.springframework.orm.jpa.AbstractEntityManagerFactoryBean.buildNativeEntityManagerFactory(AbstractEntityManagerFactoryBean.java:391)
	at org.springframework.orm.jpa.AbstractEntityManagerFactoryBean.afterPropertiesSet(AbstractEntityManagerFactoryBean.java:378)
	at org.springframework.orm.jpa.LocalContainerEntityManagerFactoryBean.afterPropertiesSet(LocalContainerEntityManagerFactoryBean.java:341)
	at org.springframework.beans.factory.support.AbstractAutowireCapableBeanFactory.invokeInitMethods(AbstractAutowireCapableBeanFactory.java:1855)
	at org.springframework.beans.factory.support.AbstractAutowireCapableBeanFactory.initializeBean(AbstractAutowireCapableBeanFactory.java:1792)
	... 16 common frames omitted
Caused by: org.hibernate.HibernateException: Access to DialectResolutionInfo cannot be null when 'hibernate.dialect' not set
	at org.hibernate.engine.jdbc.dialect.internal.DialectFactoryImpl.determineDialect(DialectFactoryImpl.java:100)
	at org.hibernate.engine.jdbc.dialect.internal.DialectFactoryImpl.buildDialect(DialectFactoryImpl.java:54)
	at org.hibernate.engine.jdbc.env.internal.JdbcEnvironmentInitiator.initiateService(JdbcEnvironmentInitiator.java:137)
	at org.hibernate.engine.jdbc.env.internal.JdbcEnvironmentInitiator.initiateService(JdbcEnvironmentInitiator.java:35)
	at org.hibernate.boot.registry.internal.StandardServiceRegistryImpl.initiateService(StandardServiceRegistryImpl.java:101)
	at org.hibernate.service.internal.AbstractServiceRegistryImpl.createService(AbstractServiceRegistryImpl.java:263)
	... 33 common frames omitted
2020-03-14 | 08:25:17.524 | [] |  INFO | HotelsAppSpringApplication     | (    55) | Starting HotelsAppSpringApplication on desktop_devlab with PID 12764 (X:\akademia\grupy\java11online\hotels-app-spring\target\classes started by Abc in X:\akademia\grupy\java11online\hotels-app-spring)
2020-03-14 | 08:25:17.526 | [] | DEBUG | HotelsAppSpringApplication     | (    56) | Running with Spring Boot v2.2.5.RELEASE, Spring v5.2.4.RELEASE
2020-03-14 | 08:25:17.526 | [] |  INFO | HotelsAppSpringApplication     | (   655) | The following profiles are active: dev
2020-03-14 | 08:25:17.921 | [] |  INFO | RepositoryConfigurationDelegate | (   249) | Multiple Spring Data modules found, entering strict repository configuration mode!
2020-03-14 | 08:25:17.922 | [] |  INFO | RepositoryConfigurationDelegate | (   127) | Bootstrapping Spring Data JDBC repositories in DEFAULT mode.
2020-03-14 | 08:25:17.944 | [] |  INFO | RepositoryConfigurationExtensionSupport | (   348) | Spring Data JDBC - Could not safely identify store assignment for repository candidate interface akadamia.repositories.AddressRepository. If you want this repository to be a JDBC repository, consider annotating your entities with one of these annotations: org.springframework.data.relational.core.mapping.Table.
2020-03-14 | 08:25:17.946 | [] |  INFO | RepositoryConfigurationExtensionSupport | (   348) | Spring Data JDBC - Could not safely identify store assignment for repository candidate interface akadamia.repositories.HotelRepository. If you want this repository to be a JDBC repository, consider annotating your entities with one of these annotations: org.springframework.data.relational.core.mapping.Table.
2020-03-14 | 08:25:17.947 | [] |  INFO | RepositoryConfigurationExtensionSupport | (   348) | Spring Data JDBC - Could not safely identify store assignment for repository candidate interface akadamia.repositories.RoomRepository. If you want this repository to be a JDBC repository, consider annotating your entities with one of these annotations: org.springframework.data.relational.core.mapping.Table.
2020-03-14 | 08:25:17.947 | [] |  INFO | RepositoryConfigurationDelegate | (   187) | Finished Spring Data repository scanning in 21ms. Found 0 JDBC repository interfaces.
2020-03-14 | 08:25:17.953 | [] |  INFO | RepositoryConfigurationDelegate | (   249) | Multiple Spring Data modules found, entering strict repository configuration mode!
2020-03-14 | 08:25:17.953 | [] |  INFO | RepositoryConfigurationDelegate | (   127) | Bootstrapping Spring Data JPA repositories in DEFAULT mode.
2020-03-14 | 08:25:17.975 | [] |  INFO | RepositoryConfigurationDelegate | (   187) | Finished Spring Data repository scanning in 18ms. Found 3 JPA repository interfaces.
2020-03-14 | 08:25:18.283 | [] |  INFO | TomcatWebServer                | (    92) | Tomcat initialized with port(s): 8080 (http)
2020-03-14 | 08:25:18.296 | [] |  INFO | StandardService                | (   173) | Starting service [Tomcat]
2020-03-14 | 08:25:18.296 | [] |  INFO | StandardEngine                 | (   173) | Starting Servlet engine: [Apache Tomcat/9.0.31]
2020-03-14 | 08:25:18.569 | [] |  INFO | [/api]                         | (   173) | Initializing Spring embedded WebApplicationContext
2020-03-14 | 08:25:18.570 | [] |  INFO | ContextLoader                  | (   284) | Root WebApplicationContext: initialization completed in 1019 ms
2020-03-14 | 08:25:18.663 | [] |  INFO | LogHelper                      | (    31) | HHH000204: Processing PersistenceUnitInfo [name: default]
2020-03-14 | 08:25:18.708 | [] |  INFO | Version                        | (    44) | HHH000412: Hibernate ORM core version 5.4.12.Final
2020-03-14 | 08:25:18.786 | [] |  INFO | Version                        | (    49) | HCANN000001: Hibernate Commons Annotations {5.1.0.Final}
2020-03-14 | 08:25:18.886 | [] |  INFO | HikariDataSource               | (   110) | HikariPool-1 - Starting...
2020-03-14 | 08:25:19.026 | [] |  INFO | HikariDataSource               | (   123) | HikariPool-1 - Start completed.
2020-03-14 | 08:25:19.040 | [] |  INFO | Dialect                        | (   172) | HHH000400: Using dialect: org.hibernate.dialect.MySQL57Dialect
2020-03-14 | 08:25:19.592 | [] |  INFO | JtaPlatformInitiator           | (    52) | HHH000490: Using JtaPlatform implementation: [org.hibernate.engine.transaction.jta.platform.internal.NoJtaPlatform]
2020-03-14 | 08:25:19.598 | [] |  INFO | LocalContainerEntityManagerFactoryBean | (   416) | Initialized JPA EntityManagerFactory for persistence unit 'default'
2020-03-14 | 08:25:19.880 | [] |  WARN | JpaBaseConfiguration$JpaWebConfiguration | (   220) | spring.jpa.open-in-view is enabled by default. Therefore, database queries may be performed during view rendering. Explicitly configure spring.jpa.open-in-view to disable this warning
2020-03-14 | 08:25:19.973 | [] |  INFO | ThreadPoolTaskExecutor         | (   181) | Initializing ExecutorService 'applicationTaskExecutor'
2020-03-14 | 08:25:20.046 | [] |  WARN | Configuration$DefaultTemplateResolverConfiguration | (   106) | Cannot find template location: classpath:/templates/ (please add some templates or check your Thymeleaf configuration)
2020-03-14 | 08:25:20.153 | [] |  INFO | TomcatWebServer                | (   204) | Tomcat started on port(s): 8080 (http) with context path '/api'
2020-03-14 | 08:25:20.154 | [] |  INFO | HotelsAppSpringApplication     | (    61) | Started HotelsAppSpringApplication in 2.866 seconds (JVM running for 3.719)
2020-03-14 | 08:25:53.138 | [] |  INFO | [/api]                         | (   173) | Initializing Spring DispatcherServlet 'dispatcherServlet'
2020-03-14 | 08:25:53.138 | [] |  INFO | DispatcherServlet              | (   525) | Initializing Servlet 'dispatcherServlet'
2020-03-14 | 08:25:53.141 | [] |  INFO | DispatcherServlet              | (   547) | Completed initialization in 3 ms
2020-03-14 | 08:25:53.265 | [] | DEBUG | HotelService                   | (    36) | Hotels: [akadamia.models.Hotel@603ad069, akadamia.models.Hotel@57b0d21f]
2020-03-14 | 08:57:43.861 | [] |  INFO | HotelsAppSpringApplication     | (    55) | Starting HotelsAppSpringApplication on desktop_devlab with PID 10148 (X:\akademia\grupy\java11online\hotels-app-spring\target\classes started by Abc in X:\akademia\grupy\java11online\hotels-app-spring)
2020-03-14 | 08:57:43.863 | [] | DEBUG | HotelsAppSpringApplication     | (    56) | Running with Spring Boot v2.2.5.RELEASE, Spring v5.2.4.RELEASE
2020-03-14 | 08:57:43.863 | [] |  INFO | HotelsAppSpringApplication     | (   655) | The following profiles are active: dev
2020-03-14 | 08:57:44.296 | [] |  INFO | RepositoryConfigurationDelegate | (   249) | Multiple Spring Data modules found, entering strict repository configuration mode!
2020-03-14 | 08:57:44.296 | [] |  INFO | RepositoryConfigurationDelegate | (   127) | Bootstrapping Spring Data JDBC repositories in DEFAULT mode.
2020-03-14 | 08:57:44.319 | [] |  INFO | RepositoryConfigurationExtensionSupport | (   348) | Spring Data JDBC - Could not safely identify store assignment for repository candidate interface akadamia.repositories.AddressRepository. If you want this repository to be a JDBC repository, consider annotating your entities with one of these annotations: org.springframework.data.relational.core.mapping.Table.
2020-03-14 | 08:57:44.320 | [] |  INFO | RepositoryConfigurationExtensionSupport | (   348) | Spring Data JDBC - Could not safely identify store assignment for repository candidate interface akadamia.repositories.HotelRepository. If you want this repository to be a JDBC repository, consider annotating your entities with one of these annotations: org.springframework.data.relational.core.mapping.Table.
2020-03-14 | 08:57:44.321 | [] |  INFO | RepositoryConfigurationExtensionSupport | (   348) | Spring Data JDBC - Could not safely identify store assignment for repository candidate interface akadamia.repositories.RoomRepository. If you want this repository to be a JDBC repository, consider annotating your entities with one of these annotations: org.springframework.data.relational.core.mapping.Table.
2020-03-14 | 08:57:44.321 | [] |  INFO | RepositoryConfigurationDelegate | (   187) | Finished Spring Data repository scanning in 22ms. Found 0 JDBC repository interfaces.
2020-03-14 | 08:57:44.327 | [] |  INFO | RepositoryConfigurationDelegate | (   249) | Multiple Spring Data modules found, entering strict repository configuration mode!
2020-03-14 | 08:57:44.327 | [] |  INFO | RepositoryConfigurationDelegate | (   127) | Bootstrapping Spring Data JPA repositories in DEFAULT mode.
2020-03-14 | 08:57:44.347 | [] |  INFO | RepositoryConfigurationDelegate | (   187) | Finished Spring Data repository scanning in 18ms. Found 3 JPA repository interfaces.
2020-03-14 | 08:57:44.647 | [] |  INFO | TomcatWebServer                | (    92) | Tomcat initialized with port(s): 8080 (http)
2020-03-14 | 08:57:44.652 | [] |  INFO | StandardService                | (   173) | Starting service [Tomcat]
2020-03-14 | 08:57:44.652 | [] |  INFO | StandardEngine                 | (   173) | Starting Servlet engine: [Apache Tomcat/9.0.31]
2020-03-14 | 08:57:44.707 | [] |  INFO | [/api]                         | (   173) | Initializing Spring embedded WebApplicationContext
2020-03-14 | 08:57:44.707 | [] |  INFO | ContextLoader                  | (   284) | Root WebApplicationContext: initialization completed in 820 ms
2020-03-14 | 08:57:44.792 | [] |  INFO | LogHelper                      | (    31) | HHH000204: Processing PersistenceUnitInfo [name: default]
2020-03-14 | 08:57:44.830 | [] |  INFO | Version                        | (    44) | HHH000412: Hibernate ORM core version 5.4.12.Final
2020-03-14 | 08:57:44.903 | [] |  INFO | Version                        | (    49) | HCANN000001: Hibernate Commons Annotations {5.1.0.Final}
2020-03-14 | 08:57:45.009 | [] |  INFO | HikariDataSource               | (   110) | HikariPool-1 - Starting...
2020-03-14 | 08:57:45.082 | [] |  INFO | HikariDataSource               | (   123) | HikariPool-1 - Start completed.
2020-03-14 | 08:57:45.093 | [] |  INFO | Dialect                        | (   172) | HHH000400: Using dialect: org.hibernate.dialect.MySQL57Dialect
2020-03-14 | 08:57:45.512 | [] |  INFO | JtaPlatformInitiator           | (    52) | HHH000490: Using JtaPlatform implementation: [org.hibernate.engine.transaction.jta.platform.internal.NoJtaPlatform]
2020-03-14 | 08:57:45.517 | [] |  INFO | LocalContainerEntityManagerFactoryBean | (   416) | Initialized JPA EntityManagerFactory for persistence unit 'default'
2020-03-14 | 08:57:45.754 | [] |  WARN | JpaBaseConfiguration$JpaWebConfiguration | (   220) | spring.jpa.open-in-view is enabled by default. Therefore, database queries may be performed during view rendering. Explicitly configure spring.jpa.open-in-view to disable this warning
2020-03-14 | 08:57:45.822 | [] |  INFO | ThreadPoolTaskExecutor         | (   181) | Initializing ExecutorService 'applicationTaskExecutor'
2020-03-14 | 08:57:45.891 | [] |  WARN | Configuration$DefaultTemplateResolverConfiguration | (   106) | Cannot find template location: classpath:/templates/ (please add some templates or check your Thymeleaf configuration)
2020-03-14 | 08:57:45.973 | [] |  INFO | TomcatWebServer                | (   204) | Tomcat started on port(s): 8080 (http) with context path '/api'
2020-03-14 | 08:57:45.974 | [] |  INFO | HotelsAppSpringApplication     | (    61) | Started HotelsAppSpringApplication in 2.349 seconds (JVM running for 2.969)
2020-03-14 | 08:57:51.159 | [] |  INFO | [/api]                         | (   173) | Initializing Spring DispatcherServlet 'dispatcherServlet'
2020-03-14 | 08:57:51.159 | [] |  INFO | DispatcherServlet              | (   525) | Initializing Servlet 'dispatcherServlet'
2020-03-14 | 08:57:51.163 | [] |  INFO | DispatcherServlet              | (   547) | Completed initialization in 4 ms
2020-03-14 | 09:32:53.721 | [] |  INFO | HotelsAppSpringApplication     | (    55) | Starting HotelsAppSpringApplication on desktop_devlab with PID 5424 (X:\akademia\grupy\java11online\hotels-app-spring\target\classes started by Abc in X:\akademia\grupy\java11online\hotels-app-spring)
2020-03-14 | 09:32:53.723 | [] | DEBUG | HotelsAppSpringApplication     | (    56) | Running with Spring Boot v2.2.5.RELEASE, Spring v5.2.4.RELEASE
2020-03-14 | 09:32:53.723 | [] |  INFO | HotelsAppSpringApplication     | (   655) | The following profiles are active: dev
2020-03-14 | 09:32:54.186 | [] |  INFO | RepositoryConfigurationDelegate | (   249) | Multiple Spring Data modules found, entering strict repository configuration mode!
2020-03-14 | 09:32:54.187 | [] |  INFO | RepositoryConfigurationDelegate | (   127) | Bootstrapping Spring Data JDBC repositories in DEFAULT mode.
2020-03-14 | 09:32:54.227 | [] |  INFO | RepositoryConfigurationExtensionSupport | (   348) | Spring Data JDBC - Could not safely identify store assignment for repository candidate interface akadamia.repositories.AddressRepository. If you want this repository to be a JDBC repository, consider annotating your entities with one of these annotations: org.springframework.data.relational.core.mapping.Table.
2020-03-14 | 09:32:54.230 | [] |  INFO | RepositoryConfigurationExtensionSupport | (   348) | Spring Data JDBC - Could not safely identify store assignment for repository candidate interface akadamia.repositories.HotelRepository. If you want this repository to be a JDBC repository, consider annotating your entities with one of these annotations: org.springframework.data.relational.core.mapping.Table.
2020-03-14 | 09:32:54.232 | [] |  INFO | RepositoryConfigurationExtensionSupport | (   348) | Spring Data JDBC - Could not safely identify store assignment for repository candidate interface akadamia.repositories.RoomRepository. If you want this repository to be a JDBC repository, consider annotating your entities with one of these annotations: org.springframework.data.relational.core.mapping.Table.
2020-03-14 | 09:32:54.233 | [] |  INFO | RepositoryConfigurationDelegate | (   187) | Finished Spring Data repository scanning in 43ms. Found 0 JDBC repository interfaces.
2020-03-14 | 09:32:54.245 | [] |  INFO | RepositoryConfigurationDelegate | (   249) | Multiple Spring Data modules found, entering strict repository configuration mode!
2020-03-14 | 09:32:54.245 | [] |  INFO | RepositoryConfigurationDelegate | (   127) | Bootstrapping Spring Data JPA repositories in DEFAULT mode.
2020-03-14 | 09:32:54.281 | [] |  INFO | RepositoryConfigurationDelegate | (   187) | Finished Spring Data repository scanning in 31ms. Found 3 JPA repository interfaces.
2020-03-14 | 09:32:54.629 | [] |  INFO | TomcatWebServer                | (    92) | Tomcat initialized with port(s): 8080 (http)
2020-03-14 | 09:32:54.635 | [] |  INFO | StandardService                | (   173) | Starting service [Tomcat]
2020-03-14 | 09:32:54.635 | [] |  INFO | StandardEngine                 | (   173) | Starting Servlet engine: [Apache Tomcat/9.0.31]
2020-03-14 | 09:32:54.691 | [] |  INFO | [/api]                         | (   173) | Initializing Spring embedded WebApplicationContext
2020-03-14 | 09:32:54.692 | [] |  INFO | ContextLoader                  | (   284) | Root WebApplicationContext: initialization completed in 945 ms
2020-03-14 | 09:32:54.780 | [] |  INFO | LogHelper                      | (    31) | HHH000204: Processing PersistenceUnitInfo [name: default]
2020-03-14 | 09:32:54.819 | [] |  INFO | Version                        | (    44) | HHH000412: Hibernate ORM core version 5.4.12.Final
2020-03-14 | 09:32:54.895 | [] |  INFO | Version                        | (    49) | HCANN000001: Hibernate Commons Annotations {5.1.0.Final}
2020-03-14 | 09:32:55.006 | [] |  INFO | HikariDataSource               | (   110) | HikariPool-1 - Starting...
2020-03-14 | 09:32:55.082 | [] |  INFO | HikariDataSource               | (   123) | HikariPool-1 - Start completed.
2020-03-14 | 09:32:55.092 | [] |  INFO | Dialect                        | (   172) | HHH000400: Using dialect: org.hibernate.dialect.MySQL57Dialect
2020-03-14 | 09:32:55.517 | [] |  INFO | JtaPlatformInitiator           | (    52) | HHH000490: Using JtaPlatform implementation: [org.hibernate.engine.transaction.jta.platform.internal.NoJtaPlatform]
2020-03-14 | 09:32:55.521 | [] |  INFO | LocalContainerEntityManagerFactoryBean | (   416) | Initialized JPA EntityManagerFactory for persistence unit 'default'
2020-03-14 | 09:32:55.774 | [] |  WARN | JpaBaseConfiguration$JpaWebConfiguration | (   220) | spring.jpa.open-in-view is enabled by default. Therefore, database queries may be performed during view rendering. Explicitly configure spring.jpa.open-in-view to disable this warning
2020-03-14 | 09:32:55.847 | [] |  INFO | ThreadPoolTaskExecutor         | (   181) | Initializing ExecutorService 'applicationTaskExecutor'
2020-03-14 | 09:32:55.919 | [] |  WARN | Configuration$DefaultTemplateResolverConfiguration | (   106) | Cannot find template location: classpath:/templates/ (please add some templates or check your Thymeleaf configuration)
2020-03-14 | 09:32:56.002 | [] |  INFO | TomcatWebServer                | (   204) | Tomcat started on port(s): 8080 (http) with context path '/api'
2020-03-14 | 09:32:56.004 | [] |  INFO | HotelsAppSpringApplication     | (    61) | Started HotelsAppSpringApplication in 2.524 seconds (JVM running for 3.176)
2020-03-14 | 09:32:57.072 | [] |  INFO | [/api]                         | (   173) | Initializing Spring DispatcherServlet 'dispatcherServlet'
2020-03-14 | 09:32:57.072 | [] |  INFO | DispatcherServlet              | (   525) | Initializing Servlet 'dispatcherServlet'
2020-03-14 | 09:32:57.077 | [] |  INFO | DispatcherServlet              | (   547) | Completed initialization in 4 ms
2020-03-14 | 09:32:57.193 | [] | ERROR | [dispatcherServlet]            | (   175) | Servlet.service() for servlet [dispatcherServlet] in context with path [/api] threw exception [Request processing failed; nested exception is java.lang.NullPointerException] with root cause
java.lang.NullPointerException: null
	at akadamia.mappers.AddressMapper.map(AddressMapper.java:15)
	at akadamia.mappers.HotelMapper.map(HotelMapper.java:38)
	at java.util.stream.ReferencePipeline$3$1.accept(ReferencePipeline.java:193)
	at java.util.ArrayList$ArrayListSpliterator.forEachRemaining(ArrayList.java:1382)
	at java.util.stream.AbstractPipeline.copyInto(AbstractPipeline.java:481)
	at java.util.stream.AbstractPipeline.wrapAndCopyInto(AbstractPipeline.java:471)
	at java.util.stream.ReduceOps$ReduceOp.evaluateSequential(ReduceOps.java:708)
	at java.util.stream.AbstractPipeline.evaluate(AbstractPipeline.java:234)
	at java.util.stream.ReferencePipeline.collect(ReferencePipeline.java:499)
	at akadamia.services.HotelService.getHotelsDto(HotelService.java:62)
	at akadamia.controllers.dao.HotelController.getHotels(HotelController.java:52)
	at sun.reflect.NativeMethodAccessorImpl.invoke0(Native Method)
	at sun.reflect.NativeMethodAccessorImpl.invoke(NativeMethodAccessorImpl.java:62)
	at sun.reflect.DelegatingMethodAccessorImpl.invoke(DelegatingMethodAccessorImpl.java:43)
	at java.lang.reflect.Method.invoke(Method.java:498)
	at org.springframework.web.method.support.InvocableHandlerMethod.doInvoke(InvocableHandlerMethod.java:190)
	at org.springframework.web.method.support.InvocableHandlerMethod.invokeForRequest(InvocableHandlerMethod.java:138)
	at org.springframework.web.servlet.mvc.method.annotation.ServletInvocableHandlerMethod.invokeAndHandle(ServletInvocableHandlerMethod.java:106)
	at org.springframework.web.servlet.mvc.method.annotation.RequestMappingHandlerAdapter.invokeHandlerMethod(RequestMappingHandlerAdapter.java:879)
	at org.springframework.web.servlet.mvc.method.annotation.RequestMappingHandlerAdapter.handleInternal(RequestMappingHandlerAdapter.java:793)
	at org.springframework.web.servlet.mvc.method.AbstractHandlerMethodAdapter.handle(AbstractHandlerMethodAdapter.java:87)
	at org.springframework.web.servlet.DispatcherServlet.doDispatch(DispatcherServlet.java:1040)
	at org.springframework.web.servlet.DispatcherServlet.doService(DispatcherServlet.java:943)
	at org.springframework.web.servlet.FrameworkServlet.processRequest(FrameworkServlet.java:1006)
	at org.springframework.web.servlet.FrameworkServlet.doGet(FrameworkServlet.java:898)
	at javax.servlet.http.HttpServlet.service(HttpServlet.java:634)
	at org.springframework.web.servlet.FrameworkServlet.service(FrameworkServlet.java:883)
	at javax.servlet.http.HttpServlet.service(HttpServlet.java:741)
	at org.apache.catalina.core.ApplicationFilterChain.internalDoFilter(ApplicationFilterChain.java:231)
	at org.apache.catalina.core.ApplicationFilterChain.doFilter(ApplicationFilterChain.java:166)
	at org.apache.tomcat.websocket.server.WsFilter.doFilter(WsFilter.java:53)
	at org.apache.catalina.core.ApplicationFilterChain.internalDoFilter(ApplicationFilterChain.java:193)
	at org.apache.catalina.core.ApplicationFilterChain.doFilter(ApplicationFilterChain.java:166)
	at org.springframework.web.filter.RequestContextFilter.doFilterInternal(RequestContextFilter.java:100)
	at org.springframework.web.filter.OncePerRequestFilter.doFilter(OncePerRequestFilter.java:119)
	at org.apache.catalina.core.ApplicationFilterChain.internalDoFilter(ApplicationFilterChain.java:193)
	at org.apache.catalina.core.ApplicationFilterChain.doFilter(ApplicationFilterChain.java:166)
	at org.springframework.web.filter.FormContentFilter.doFilterInternal(FormContentFilter.java:93)
	at org.springframework.web.filter.OncePerRequestFilter.doFilter(OncePerRequestFilter.java:119)
	at org.apache.catalina.core.ApplicationFilterChain.internalDoFilter(ApplicationFilterChain.java:193)
	at org.apache.catalina.core.ApplicationFilterChain.doFilter(ApplicationFilterChain.java:166)
	at org.springframework.web.filter.CharacterEncodingFilter.doFilterInternal(CharacterEncodingFilter.java:201)
	at org.springframework.web.filter.OncePerRequestFilter.doFilter(OncePerRequestFilter.java:119)
	at org.apache.catalina.core.ApplicationFilterChain.internalDoFilter(ApplicationFilterChain.java:193)
	at org.apache.catalina.core.ApplicationFilterChain.doFilter(ApplicationFilterChain.java:166)
	at org.apache.catalina.core.StandardWrapperValve.invoke(StandardWrapperValve.java:202)
	at org.apache.catalina.core.StandardContextValve.invoke(StandardContextValve.java:96)
	at org.apache.catalina.authenticator.AuthenticatorBase.invoke(AuthenticatorBase.java:541)
	at org.apache.catalina.core.StandardHostValve.invoke(StandardHostValve.java:139)
	at org.apache.catalina.valves.ErrorReportValve.invoke(ErrorReportValve.java:92)
	at org.apache.catalina.core.StandardEngineValve.invoke(StandardEngineValve.java:74)
	at org.apache.catalina.connector.CoyoteAdapter.service(CoyoteAdapter.java:343)
	at org.apache.coyote.http11.Http11Processor.service(Http11Processor.java:367)
	at org.apache.coyote.AbstractProcessorLight.process(AbstractProcessorLight.java:65)
	at org.apache.coyote.AbstractProtocol$ConnectionHandler.process(AbstractProtocol.java:868)
	at org.apache.tomcat.util.net.NioEndpoint$SocketProcessor.doRun(NioEndpoint.java:1639)
	at org.apache.tomcat.util.net.SocketProcessorBase.run(SocketProcessorBase.java:49)
	at java.util.concurrent.ThreadPoolExecutor.runWorker(ThreadPoolExecutor.java:1149)
	at java.util.concurrent.ThreadPoolExecutor$Worker.run(ThreadPoolExecutor.java:624)
	at org.apache.tomcat.util.threads.TaskThread$WrappingRunnable.run(TaskThread.java:61)
	at java.lang.Thread.run(Thread.java:748)
2020-03-14 | 09:32:59.550 | [] | ERROR | [dispatcherServlet]            | (   175) | Servlet.service() for servlet [dispatcherServlet] in context with path [/api] threw exception [Request processing failed; nested exception is java.lang.NullPointerException] with root cause
java.lang.NullPointerException: null
	at akadamia.mappers.AddressMapper.map(AddressMapper.java:15)
	at akadamia.mappers.HotelMapper.map(HotelMapper.java:38)
	at java.util.stream.ReferencePipeline$3$1.accept(ReferencePipeline.java:193)
	at java.util.ArrayList$ArrayListSpliterator.forEachRemaining(ArrayList.java:1382)
	at java.util.stream.AbstractPipeline.copyInto(AbstractPipeline.java:481)
	at java.util.stream.AbstractPipeline.wrapAndCopyInto(AbstractPipeline.java:471)
	at java.util.stream.ReduceOps$ReduceOp.evaluateSequential(ReduceOps.java:708)
	at java.util.stream.AbstractPipeline.evaluate(AbstractPipeline.java:234)
	at java.util.stream.ReferencePipeline.collect(ReferencePipeline.java:499)
	at akadamia.services.HotelService.getHotelsDto(HotelService.java:62)
	at akadamia.controllers.dao.HotelController.getHotels(HotelController.java:52)
	at sun.reflect.NativeMethodAccessorImpl.invoke0(Native Method)
	at sun.reflect.NativeMethodAccessorImpl.invoke(NativeMethodAccessorImpl.java:62)
	at sun.reflect.DelegatingMethodAccessorImpl.invoke(DelegatingMethodAccessorImpl.java:43)
	at java.lang.reflect.Method.invoke(Method.java:498)
	at org.springframework.web.method.support.InvocableHandlerMethod.doInvoke(InvocableHandlerMethod.java:190)
	at org.springframework.web.method.support.InvocableHandlerMethod.invokeForRequest(InvocableHandlerMethod.java:138)
	at org.springframework.web.servlet.mvc.method.annotation.ServletInvocableHandlerMethod.invokeAndHandle(ServletInvocableHandlerMethod.java:106)
	at org.springframework.web.servlet.mvc.method.annotation.RequestMappingHandlerAdapter.invokeHandlerMethod(RequestMappingHandlerAdapter.java:879)
	at org.springframework.web.servlet.mvc.method.annotation.RequestMappingHandlerAdapter.handleInternal(RequestMappingHandlerAdapter.java:793)
	at org.springframework.web.servlet.mvc.method.AbstractHandlerMethodAdapter.handle(AbstractHandlerMethodAdapter.java:87)
	at org.springframework.web.servlet.DispatcherServlet.doDispatch(DispatcherServlet.java:1040)
	at org.springframework.web.servlet.DispatcherServlet.doService(DispatcherServlet.java:943)
	at org.springframework.web.servlet.FrameworkServlet.processRequest(FrameworkServlet.java:1006)
	at org.springframework.web.servlet.FrameworkServlet.doGet(FrameworkServlet.java:898)
	at javax.servlet.http.HttpServlet.service(HttpServlet.java:634)
	at org.springframework.web.servlet.FrameworkServlet.service(FrameworkServlet.java:883)
	at javax.servlet.http.HttpServlet.service(HttpServlet.java:741)
	at org.apache.catalina.core.ApplicationFilterChain.internalDoFilter(ApplicationFilterChain.java:231)
	at org.apache.catalina.core.ApplicationFilterChain.doFilter(ApplicationFilterChain.java:166)
	at org.apache.tomcat.websocket.server.WsFilter.doFilter(WsFilter.java:53)
	at org.apache.catalina.core.ApplicationFilterChain.internalDoFilter(ApplicationFilterChain.java:193)
	at org.apache.catalina.core.ApplicationFilterChain.doFilter(ApplicationFilterChain.java:166)
	at org.springframework.web.filter.RequestContextFilter.doFilterInternal(RequestContextFilter.java:100)
	at org.springframework.web.filter.OncePerRequestFilter.doFilter(OncePerRequestFilter.java:119)
	at org.apache.catalina.core.ApplicationFilterChain.internalDoFilter(ApplicationFilterChain.java:193)
	at org.apache.catalina.core.ApplicationFilterChain.doFilter(ApplicationFilterChain.java:166)
	at org.springframework.web.filter.FormContentFilter.doFilterInternal(FormContentFilter.java:93)
	at org.springframework.web.filter.OncePerRequestFilter.doFilter(OncePerRequestFilter.java:119)
	at org.apache.catalina.core.ApplicationFilterChain.internalDoFilter(ApplicationFilterChain.java:193)
	at org.apache.catalina.core.ApplicationFilterChain.doFilter(ApplicationFilterChain.java:166)
	at org.springframework.web.filter.CharacterEncodingFilter.doFilterInternal(CharacterEncodingFilter.java:201)
	at org.springframework.web.filter.OncePerRequestFilter.doFilter(OncePerRequestFilter.java:119)
	at org.apache.catalina.core.ApplicationFilterChain.internalDoFilter(ApplicationFilterChain.java:193)
	at org.apache.catalina.core.ApplicationFilterChain.doFilter(ApplicationFilterChain.java:166)
	at org.apache.catalina.core.StandardWrapperValve.invoke(StandardWrapperValve.java:202)
	at org.apache.catalina.core.StandardContextValve.invoke(StandardContextValve.java:96)
	at org.apache.catalina.authenticator.AuthenticatorBase.invoke(AuthenticatorBase.java:541)
	at org.apache.catalina.core.StandardHostValve.invoke(StandardHostValve.java:139)
	at org.apache.catalina.valves.ErrorReportValve.invoke(ErrorReportValve.java:92)
	at org.apache.catalina.core.StandardEngineValve.invoke(StandardEngineValve.java:74)
	at org.apache.catalina.connector.CoyoteAdapter.service(CoyoteAdapter.java:343)
	at org.apache.coyote.http11.Http11Processor.service(Http11Processor.java:367)
	at org.apache.coyote.AbstractProcessorLight.process(AbstractProcessorLight.java:65)
	at org.apache.coyote.AbstractProtocol$ConnectionHandler.process(AbstractProtocol.java:868)
	at org.apache.tomcat.util.net.NioEndpoint$SocketProcessor.doRun(NioEndpoint.java:1639)
	at org.apache.tomcat.util.net.SocketProcessorBase.run(SocketProcessorBase.java:49)
	at java.util.concurrent.ThreadPoolExecutor.runWorker(ThreadPoolExecutor.java:1149)
	at java.util.concurrent.ThreadPoolExecutor$Worker.run(ThreadPoolExecutor.java:624)
	at org.apache.tomcat.util.threads.TaskThread$WrappingRunnable.run(TaskThread.java:61)
	at java.lang.Thread.run(Thread.java:748)
2020-03-14 | 11:34:15.895 | [] |  INFO | HotelsAppSpringApplication     | (    55) | Starting HotelsAppSpringApplication on desktop_devlab with PID 15648 (X:\akademia\grupy\java11online\hotels-app-spring\target\classes started by Abc in X:\akademia\grupy\java11online\hotels-app-spring)
2020-03-14 | 11:34:15.897 | [] | DEBUG | HotelsAppSpringApplication     | (    56) | Running with Spring Boot v2.2.5.RELEASE, Spring v5.2.4.RELEASE
2020-03-14 | 11:34:15.898 | [] |  INFO | HotelsAppSpringApplication     | (   655) | The following profiles are active: dev
2020-03-14 | 11:34:16.374 | [] |  INFO | RepositoryConfigurationDelegate | (   249) | Multiple Spring Data modules found, entering strict repository configuration mode!
2020-03-14 | 11:34:16.375 | [] |  INFO | RepositoryConfigurationDelegate | (   127) | Bootstrapping Spring Data JDBC repositories in DEFAULT mode.
2020-03-14 | 11:34:16.406 | [] |  INFO | RepositoryConfigurationExtensionSupport | (   348) | Spring Data JDBC - Could not safely identify store assignment for repository candidate interface akadamia.repositories.AddressRepository. If you want this repository to be a JDBC repository, consider annotating your entities with one of these annotations: org.springframework.data.relational.core.mapping.Table.
2020-03-14 | 11:34:16.408 | [] |  INFO | RepositoryConfigurationExtensionSupport | (   348) | Spring Data JDBC - Could not safely identify store assignment for repository candidate interface akadamia.repositories.HotelRepository. If you want this repository to be a JDBC repository, consider annotating your entities with one of these annotations: org.springframework.data.relational.core.mapping.Table.
2020-03-14 | 11:34:16.409 | [] |  INFO | RepositoryConfigurationExtensionSupport | (   348) | Spring Data JDBC - Could not safely identify store assignment for repository candidate interface akadamia.repositories.RoomRepository. If you want this repository to be a JDBC repository, consider annotating your entities with one of these annotations: org.springframework.data.relational.core.mapping.Table.
2020-03-14 | 11:34:16.409 | [] |  INFO | RepositoryConfigurationDelegate | (   187) | Finished Spring Data repository scanning in 30ms. Found 0 JDBC repository interfaces.
2020-03-14 | 11:34:16.415 | [] |  INFO | RepositoryConfigurationDelegate | (   249) | Multiple Spring Data modules found, entering strict repository configuration mode!
2020-03-14 | 11:34:16.415 | [] |  INFO | RepositoryConfigurationDelegate | (   127) | Bootstrapping Spring Data JPA repositories in DEFAULT mode.
2020-03-14 | 11:34:16.442 | [] |  INFO | RepositoryConfigurationDelegate | (   187) | Finished Spring Data repository scanning in 24ms. Found 3 JPA repository interfaces.
2020-03-14 | 11:34:16.770 | [] |  INFO | TomcatWebServer                | (    92) | Tomcat initialized with port(s): 8080 (http)
2020-03-14 | 11:34:16.776 | [] |  INFO | StandardService                | (   173) | Starting service [Tomcat]
2020-03-14 | 11:34:16.777 | [] |  INFO | StandardEngine                 | (   173) | Starting Servlet engine: [Apache Tomcat/9.0.31]
2020-03-14 | 11:34:16.831 | [] |  INFO | [/api]                         | (   173) | Initializing Spring embedded WebApplicationContext
2020-03-14 | 11:34:16.832 | [] |  INFO | ContextLoader                  | (   284) | Root WebApplicationContext: initialization completed in 904 ms
2020-03-14 | 11:34:16.921 | [] |  INFO | LogHelper                      | (    31) | HHH000204: Processing PersistenceUnitInfo [name: default]
2020-03-14 | 11:34:16.960 | [] |  INFO | Version                        | (    44) | HHH000412: Hibernate ORM core version 5.4.12.Final
2020-03-14 | 11:34:17.031 | [] |  INFO | Version                        | (    49) | HCANN000001: Hibernate Commons Annotations {5.1.0.Final}
2020-03-14 | 11:34:17.118 | [] |  INFO | HikariDataSource               | (   110) | HikariPool-1 - Starting...
2020-03-14 | 11:34:17.189 | [] |  INFO | HikariDataSource               | (   123) | HikariPool-1 - Start completed.
2020-03-14 | 11:34:17.199 | [] |  INFO | Dialect                        | (   172) | HHH000400: Using dialect: org.hibernate.dialect.MySQL57Dialect
2020-03-14 | 11:34:17.615 | [] |  INFO | JtaPlatformInitiator           | (    52) | HHH000490: Using JtaPlatform implementation: [org.hibernate.engine.transaction.jta.platform.internal.NoJtaPlatform]
2020-03-14 | 11:34:17.620 | [] |  INFO | LocalContainerEntityManagerFactoryBean | (   416) | Initialized JPA EntityManagerFactory for persistence unit 'default'
2020-03-14 | 11:34:17.879 | [] |  WARN | JpaBaseConfiguration$JpaWebConfiguration | (   220) | spring.jpa.open-in-view is enabled by default. Therefore, database queries may be performed during view rendering. Explicitly configure spring.jpa.open-in-view to disable this warning
2020-03-14 | 11:34:17.945 | [] |  INFO | ThreadPoolTaskExecutor         | (   181) | Initializing ExecutorService 'applicationTaskExecutor'
2020-03-14 | 11:34:18.012 | [] |  WARN | Configuration$DefaultTemplateResolverConfiguration | (   106) | Cannot find template location: classpath:/templates/ (please add some templates or check your Thymeleaf configuration)
2020-03-14 | 11:34:18.093 | [] |  INFO | TomcatWebServer                | (   204) | Tomcat started on port(s): 8080 (http) with context path '/api'
2020-03-14 | 11:34:18.094 | [] |  INFO | HotelsAppSpringApplication     | (    61) | Started HotelsAppSpringApplication in 2.451 seconds (JVM running for 3.062)
2020-03-14 | 11:35:31.065 | [] |  INFO | [/api]                         | (   173) | Initializing Spring DispatcherServlet 'dispatcherServlet'
2020-03-14 | 11:35:31.065 | [] |  INFO | DispatcherServlet              | (   525) | Initializing Servlet 'dispatcherServlet'
2020-03-14 | 11:35:31.069 | [] |  INFO | DispatcherServlet              | (   547) | Completed initialization in 3 ms
2020-03-14 | 11:35:31.181 | [] | DEBUG | HotelServiceDAO                | (    34) | Hotels: [akadamia.models.dao.Hotel@1cf8c4ab, akadamia.models.dao.Hotel@2e113150, akadamia.models.dao.Hotel@44c321ce, akadamia.models.dao.Hotel@4bea621b, akadamia.models.dao.Hotel@24fd452e, akadamia.models.dao.Hotel@3c16b50]
2020-03-14 | 11:57:03.495 | [] |  INFO | HotelsAppSpringApplication     | (    55) | Starting HotelsAppSpringApplication on desktop_devlab with PID 1592 (X:\akademia\grupy\java11online\hotels-app-spring\target\classes started by Abc in X:\akademia\grupy\java11online\hotels-app-spring)
2020-03-14 | 11:57:03.497 | [] | DEBUG | HotelsAppSpringApplication     | (    56) | Running with Spring Boot v2.2.5.RELEASE, Spring v5.2.4.RELEASE
2020-03-14 | 11:57:03.498 | [] |  INFO | HotelsAppSpringApplication     | (   655) | The following profiles are active: dev
2020-03-14 | 11:57:03.969 | [] |  INFO | RepositoryConfigurationDelegate | (   249) | Multiple Spring Data modules found, entering strict repository configuration mode!
2020-03-14 | 11:57:03.970 | [] |  INFO | RepositoryConfigurationDelegate | (   127) | Bootstrapping Spring Data JDBC repositories in DEFAULT mode.
2020-03-14 | 11:57:03.993 | [] |  INFO | RepositoryConfigurationExtensionSupport | (   348) | Spring Data JDBC - Could not safely identify store assignment for repository candidate interface akadamia.repositories.AddressRepository. If you want this repository to be a JDBC repository, consider annotating your entities with one of these annotations: org.springframework.data.relational.core.mapping.Table.
2020-03-14 | 11:57:03.995 | [] |  INFO | RepositoryConfigurationExtensionSupport | (   348) | Spring Data JDBC - Could not safely identify store assignment for repository candidate interface akadamia.repositories.HotelRepository. If you want this repository to be a JDBC repository, consider annotating your entities with one of these annotations: org.springframework.data.relational.core.mapping.Table.
2020-03-14 | 11:57:03.996 | [] |  INFO | RepositoryConfigurationExtensionSupport | (   348) | Spring Data JDBC - Could not safely identify store assignment for repository candidate interface akadamia.repositories.RoomRepository. If you want this repository to be a JDBC repository, consider annotating your entities with one of these annotations: org.springframework.data.relational.core.mapping.Table.
2020-03-14 | 11:57:03.996 | [] |  INFO | RepositoryConfigurationDelegate | (   187) | Finished Spring Data repository scanning in 22ms. Found 0 JDBC repository interfaces.
2020-03-14 | 11:57:04.001 | [] |  INFO | RepositoryConfigurationDelegate | (   249) | Multiple Spring Data modules found, entering strict repository configuration mode!
2020-03-14 | 11:57:04.001 | [] |  INFO | RepositoryConfigurationDelegate | (   127) | Bootstrapping Spring Data JPA repositories in DEFAULT mode.
2020-03-14 | 11:57:04.024 | [] |  INFO | RepositoryConfigurationDelegate | (   187) | Finished Spring Data repository scanning in 19ms. Found 3 JPA repository interfaces.
2020-03-14 | 11:57:04.351 | [] |  INFO | TomcatWebServer                | (    92) | Tomcat initialized with port(s): 8080 (http)
2020-03-14 | 11:57:04.357 | [] |  INFO | StandardService                | (   173) | Starting service [Tomcat]
2020-03-14 | 11:57:04.357 | [] |  INFO | StandardEngine                 | (   173) | Starting Servlet engine: [Apache Tomcat/9.0.31]
2020-03-14 | 11:57:04.414 | [] |  INFO | [/api]                         | (   173) | Initializing Spring embedded WebApplicationContext
2020-03-14 | 11:57:04.414 | [] |  INFO | ContextLoader                  | (   284) | Root WebApplicationContext: initialization completed in 888 ms
2020-03-14 | 11:57:04.503 | [] |  INFO | LogHelper                      | (    31) | HHH000204: Processing PersistenceUnitInfo [name: default]
2020-03-14 | 11:57:04.542 | [] |  INFO | Version                        | (    44) | HHH000412: Hibernate ORM core version 5.4.12.Final
2020-03-14 | 11:57:04.613 | [] |  INFO | Version                        | (    49) | HCANN000001: Hibernate Commons Annotations {5.1.0.Final}
2020-03-14 | 11:57:04.701 | [] |  INFO | HikariDataSource               | (   110) | HikariPool-1 - Starting...
2020-03-14 | 11:57:04.770 | [] |  INFO | HikariDataSource               | (   123) | HikariPool-1 - Start completed.
2020-03-14 | 11:57:04.781 | [] |  INFO | Dialect                        | (   172) | HHH000400: Using dialect: org.hibernate.dialect.MySQL57Dialect
2020-03-14 | 11:57:05.195 | [] |  INFO | JtaPlatformInitiator           | (    52) | HHH000490: Using JtaPlatform implementation: [org.hibernate.engine.transaction.jta.platform.internal.NoJtaPlatform]
2020-03-14 | 11:57:05.200 | [] |  INFO | LocalContainerEntityManagerFactoryBean | (   416) | Initialized JPA EntityManagerFactory for persistence unit 'default'
2020-03-14 | 11:57:05.452 | [] |  WARN | JpaBaseConfiguration$JpaWebConfiguration | (   220) | spring.jpa.open-in-view is enabled by default. Therefore, database queries may be performed during view rendering. Explicitly configure spring.jpa.open-in-view to disable this warning
2020-03-14 | 11:57:05.522 | [] |  INFO | ThreadPoolTaskExecutor         | (   181) | Initializing ExecutorService 'applicationTaskExecutor'
2020-03-14 | 11:57:05.591 | [] |  WARN | Configuration$DefaultTemplateResolverConfiguration | (   106) | Cannot find template location: classpath:/templates/ (please add some templates or check your Thymeleaf configuration)
2020-03-14 | 11:57:05.675 | [] |  INFO | TomcatWebServer                | (   204) | Tomcat started on port(s): 8080 (http) with context path '/api'
2020-03-14 | 11:57:05.676 | [] |  INFO | HotelsAppSpringApplication     | (    61) | Started HotelsAppSpringApplication in 2.424 seconds (JVM running for 3.043)
2020-03-14 | 11:57:55.310 | [] |  INFO | [/api]                         | (   173) | Initializing Spring DispatcherServlet 'dispatcherServlet'
2020-03-14 | 11:57:55.311 | [] |  INFO | DispatcherServlet              | (   525) | Initializing Servlet 'dispatcherServlet'
2020-03-14 | 11:57:55.315 | [] |  INFO | DispatcherServlet              | (   547) | Completed initialization in 4 ms
2020-03-14 | 11:57:55.422 | [] | DEBUG | HotelServiceDAO                | (    34) | Hotels: [akadamia.models.dao.Hotel@70c950ca, akadamia.models.dao.Hotel@7574334d, akadamia.models.dao.Hotel@79b745df, akadamia.models.dao.Hotel@74e015cd, akadamia.models.dao.Hotel@69b96724, akadamia.models.dao.Hotel@3d03df05]
2020-03-14 | 12:01:19.709 | [] |  INFO | HotelsAppSpringApplication     | (    55) | Starting HotelsAppSpringApplication on desktop_devlab with PID 1452 (X:\akademia\grupy\java11online\hotels-app-spring\target\classes started by Abc in X:\akademia\grupy\java11online\hotels-app-spring)
2020-03-14 | 12:01:19.711 | [] | DEBUG | HotelsAppSpringApplication     | (    56) | Running with Spring Boot v2.2.5.RELEASE, Spring v5.2.4.RELEASE
2020-03-14 | 12:01:19.711 | [] |  INFO | HotelsAppSpringApplication     | (   655) | The following profiles are active: dev
2020-03-14 | 12:01:20.168 | [] |  INFO | RepositoryConfigurationDelegate | (   249) | Multiple Spring Data modules found, entering strict repository configuration mode!
2020-03-14 | 12:01:20.169 | [] |  INFO | RepositoryConfigurationDelegate | (   127) | Bootstrapping Spring Data JDBC repositories in DEFAULT mode.
2020-03-14 | 12:01:20.195 | [] |  INFO | RepositoryConfigurationExtensionSupport | (   348) | Spring Data JDBC - Could not safely identify store assignment for repository candidate interface akadamia.repositories.AddressRepository. If you want this repository to be a JDBC repository, consider annotating your entities with one of these annotations: org.springframework.data.relational.core.mapping.Table.
2020-03-14 | 12:01:20.196 | [] |  INFO | RepositoryConfigurationExtensionSupport | (   348) | Spring Data JDBC - Could not safely identify store assignment for repository candidate interface akadamia.repositories.HotelRepository. If you want this repository to be a JDBC repository, consider annotating your entities with one of these annotations: org.springframework.data.relational.core.mapping.Table.
2020-03-14 | 12:01:20.197 | [] |  INFO | RepositoryConfigurationExtensionSupport | (   348) | Spring Data JDBC - Could not safely identify store assignment for repository candidate interface akadamia.repositories.RoomRepository. If you want this repository to be a JDBC repository, consider annotating your entities with one of these annotations: org.springframework.data.relational.core.mapping.Table.
2020-03-14 | 12:01:20.197 | [] |  INFO | RepositoryConfigurationDelegate | (   187) | Finished Spring Data repository scanning in 25ms. Found 0 JDBC repository interfaces.
2020-03-14 | 12:01:20.203 | [] |  INFO | RepositoryConfigurationDelegate | (   249) | Multiple Spring Data modules found, entering strict repository configuration mode!
2020-03-14 | 12:01:20.203 | [] |  INFO | RepositoryConfigurationDelegate | (   127) | Bootstrapping Spring Data JPA repositories in DEFAULT mode.
2020-03-14 | 12:01:20.225 | [] |  INFO | RepositoryConfigurationDelegate | (   187) | Finished Spring Data repository scanning in 19ms. Found 3 JPA repository interfaces.
2020-03-14 | 12:01:20.539 | [] |  INFO | TomcatWebServer                | (    92) | Tomcat initialized with port(s): 8080 (http)
2020-03-14 | 12:01:20.544 | [] |  INFO | StandardService                | (   173) | Starting service [Tomcat]
2020-03-14 | 12:01:20.545 | [] |  INFO | StandardEngine                 | (   173) | Starting Servlet engine: [Apache Tomcat/9.0.31]
2020-03-14 | 12:01:20.601 | [] |  INFO | [/api]                         | (   173) | Initializing Spring embedded WebApplicationContext
2020-03-14 | 12:01:20.601 | [] |  INFO | ContextLoader                  | (   284) | Root WebApplicationContext: initialization completed in 865 ms
2020-03-14 | 12:01:20.688 | [] |  INFO | LogHelper                      | (    31) | HHH000204: Processing PersistenceUnitInfo [name: default]
2020-03-14 | 12:01:20.728 | [] |  INFO | Version                        | (    44) | HHH000412: Hibernate ORM core version 5.4.12.Final
2020-03-14 | 12:01:20.804 | [] |  INFO | Version                        | (    49) | HCANN000001: Hibernate Commons Annotations {5.1.0.Final}
2020-03-14 | 12:01:20.908 | [] |  INFO | HikariDataSource               | (   110) | HikariPool-1 - Starting...
2020-03-14 | 12:01:20.977 | [] |  INFO | HikariDataSource               | (   123) | HikariPool-1 - Start completed.
2020-03-14 | 12:01:20.988 | [] |  INFO | Dialect                        | (   172) | HHH000400: Using dialect: org.hibernate.dialect.MySQL57Dialect
2020-03-14 | 12:01:21.406 | [] |  INFO | JtaPlatformInitiator           | (    52) | HHH000490: Using JtaPlatform implementation: [org.hibernate.engine.transaction.jta.platform.internal.NoJtaPlatform]
2020-03-14 | 12:01:21.411 | [] |  INFO | LocalContainerEntityManagerFactoryBean | (   416) | Initialized JPA EntityManagerFactory for persistence unit 'default'
2020-03-14 | 12:01:21.654 | [] |  WARN | JpaBaseConfiguration$JpaWebConfiguration | (   220) | spring.jpa.open-in-view is enabled by default. Therefore, database queries may be performed during view rendering. Explicitly configure spring.jpa.open-in-view to disable this warning
2020-03-14 | 12:01:21.728 | [] |  INFO | ThreadPoolTaskExecutor         | (   181) | Initializing ExecutorService 'applicationTaskExecutor'
2020-03-14 | 12:01:21.801 | [] |  WARN | Configuration$DefaultTemplateResolverConfiguration | (   106) | Cannot find template location: classpath:/templates/ (please add some templates or check your Thymeleaf configuration)
2020-03-14 | 12:01:21.887 | [] |  INFO | TomcatWebServer                | (   204) | Tomcat started on port(s): 8080 (http) with context path '/api'
2020-03-14 | 12:01:21.889 | [] |  INFO | HotelsAppSpringApplication     | (    61) | Started HotelsAppSpringApplication in 2.417 seconds (JVM running for 3.024)
2020-03-14 | 12:01:30.607 | [] |  INFO | [/api]                         | (   173) | Initializing Spring DispatcherServlet 'dispatcherServlet'
2020-03-14 | 12:01:30.608 | [] |  INFO | DispatcherServlet              | (   525) | Initializing Servlet 'dispatcherServlet'
2020-03-14 | 12:01:30.611 | [] |  INFO | DispatcherServlet              | (   547) | Completed initialization in 3 ms
2020-03-14 | 12:20:54.766 | [] |  INFO | HotelsAppSpringApplication     | (    55) | Starting HotelsAppSpringApplication on desktop_devlab with PID 1512 (X:\akademia\grupy\java11online\hotels-app-spring\target\classes started by Abc in X:\akademia\grupy\java11online\hotels-app-spring)
2020-03-14 | 12:20:54.768 | [] | DEBUG | HotelsAppSpringApplication     | (    56) | Running with Spring Boot v2.2.5.RELEASE, Spring v5.2.4.RELEASE
2020-03-14 | 12:20:54.769 | [] |  INFO | HotelsAppSpringApplication     | (   655) | The following profiles are active: dev
2020-03-14 | 12:20:55.374 | [] |  INFO | RepositoryConfigurationDelegate | (   249) | Multiple Spring Data modules found, entering strict repository configuration mode!
2020-03-14 | 12:20:55.374 | [] |  INFO | RepositoryConfigurationDelegate | (   127) | Bootstrapping Spring Data JDBC repositories in DEFAULT mode.
2020-03-14 | 12:20:55.397 | [] |  INFO | RepositoryConfigurationExtensionSupport | (   348) | Spring Data JDBC - Could not safely identify store assignment for repository candidate interface akadamia.repositories.AddressRepository. If you want this repository to be a JDBC repository, consider annotating your entities with one of these annotations: org.springframework.data.relational.core.mapping.Table.
2020-03-14 | 12:20:55.398 | [] |  INFO | RepositoryConfigurationExtensionSupport | (   348) | Spring Data JDBC - Could not safely identify store assignment for repository candidate interface akadamia.repositories.HotelRepository. If you want this repository to be a JDBC repository, consider annotating your entities with one of these annotations: org.springframework.data.relational.core.mapping.Table.
2020-03-14 | 12:20:55.399 | [] |  INFO | RepositoryConfigurationExtensionSupport | (   348) | Spring Data JDBC - Could not safely identify store assignment for repository candidate interface akadamia.repositories.RoomRepository. If you want this repository to be a JDBC repository, consider annotating your entities with one of these annotations: org.springframework.data.relational.core.mapping.Table.
2020-03-14 | 12:20:55.400 | [] |  INFO | RepositoryConfigurationDelegate | (   187) | Finished Spring Data repository scanning in 22ms. Found 0 JDBC repository interfaces.
2020-03-14 | 12:20:55.405 | [] |  INFO | RepositoryConfigurationDelegate | (   249) | Multiple Spring Data modules found, entering strict repository configuration mode!
2020-03-14 | 12:20:55.405 | [] |  INFO | RepositoryConfigurationDelegate | (   127) | Bootstrapping Spring Data JPA repositories in DEFAULT mode.
2020-03-14 | 12:20:55.427 | [] |  INFO | RepositoryConfigurationDelegate | (   187) | Finished Spring Data repository scanning in 19ms. Found 3 JPA repository interfaces.
2020-03-14 | 12:20:55.736 | [] |  INFO | TomcatWebServer                | (    92) | Tomcat initialized with port(s): 8080 (http)
2020-03-14 | 12:20:55.742 | [] |  INFO | StandardService                | (   173) | Starting service [Tomcat]
2020-03-14 | 12:20:55.742 | [] |  INFO | StandardEngine                 | (   173) | Starting Servlet engine: [Apache Tomcat/9.0.31]
2020-03-14 | 12:20:55.802 | [] |  INFO | [/api]                         | (   173) | Initializing Spring embedded WebApplicationContext
2020-03-14 | 12:20:55.802 | [] |  INFO | ContextLoader                  | (   284) | Root WebApplicationContext: initialization completed in 962 ms
2020-03-14 | 12:20:55.890 | [] |  INFO | LogHelper                      | (    31) | HHH000204: Processing PersistenceUnitInfo [name: default]
2020-03-14 | 12:20:55.929 | [] |  INFO | Version                        | (    44) | HHH000412: Hibernate ORM core version 5.4.12.Final
2020-03-14 | 12:20:56.001 | [] |  INFO | Version                        | (    49) | HCANN000001: Hibernate Commons Annotations {5.1.0.Final}
2020-03-14 | 12:20:56.091 | [] |  INFO | HikariDataSource               | (   110) | HikariPool-1 - Starting...
2020-03-14 | 12:20:56.160 | [] |  INFO | HikariDataSource               | (   123) | HikariPool-1 - Start completed.
2020-03-14 | 12:20:56.171 | [] |  INFO | Dialect                        | (   172) | HHH000400: Using dialect: org.hibernate.dialect.MySQL57Dialect
2020-03-14 | 12:20:56.579 | [] |  INFO | JtaPlatformInitiator           | (    52) | HHH000490: Using JtaPlatform implementation: [org.hibernate.engine.transaction.jta.platform.internal.NoJtaPlatform]
2020-03-14 | 12:20:56.584 | [] |  INFO | LocalContainerEntityManagerFactoryBean | (   416) | Initialized JPA EntityManagerFactory for persistence unit 'default'
2020-03-14 | 12:20:56.835 | [] |  WARN | JpaBaseConfiguration$JpaWebConfiguration | (   220) | spring.jpa.open-in-view is enabled by default. Therefore, database queries may be performed during view rendering. Explicitly configure spring.jpa.open-in-view to disable this warning
2020-03-14 | 12:20:56.908 | [] |  INFO | ThreadPoolTaskExecutor         | (   181) | Initializing ExecutorService 'applicationTaskExecutor'
2020-03-14 | 12:20:56.981 | [] |  WARN | Configuration$DefaultTemplateResolverConfiguration | (   106) | Cannot find template location: classpath:/templates/ (please add some templates or check your Thymeleaf configuration)
2020-03-14 | 12:20:57.067 | [] |  INFO | TomcatWebServer                | (   204) | Tomcat started on port(s): 8080 (http) with context path '/api'
2020-03-14 | 12:20:57.068 | [] |  INFO | HotelsAppSpringApplication     | (    61) | Started HotelsAppSpringApplication in 2.609 seconds (JVM running for 3.214)
